  efects.cpp
C:\Users\lenovo\Documents\GitHub\test2\io\Program_graficzny\efects.cpp(5,18): error C2039: „efects”: nie jest składową elementu „std”
C:\Users\lenovo\Documents\GitHub\test2\io\Program_graficzny\predefined C++ types (compiler internal)(340): message : zobacz deklarację „std”
C:\Users\lenovo\Documents\GitHub\test2\io\Program_graficzny\efects.cpp(5,42): error C2039: „string_view”: nie jest składową elementu „std”
C:\Users\lenovo\Documents\GitHub\test2\io\Program_graficzny\predefined C++ types (compiler internal)(340): message : zobacz deklarację „std”
C:\Users\lenovo\Documents\GitHub\test2\io\Program_graficzny\efects.cpp(5,54): error C2061: błąd składniowy: identyfikator „string_view”
  main.cpp
  The contents of <string_view> are available only with C++17 or later.
C:\Users\lenovo\Documents\GitHub\test2\io\Program_graficzny\main.cpp(8,42): error C2039: „string_view”: nie jest składową elementu „std”
C:\Program Files (x86)\Microsoft Visual Studio\2019\Community\VC\Tools\MSVC\14.29.30037\include\string(24): message : zobacz deklarację „std”
C:\Users\lenovo\Documents\GitHub\test2\io\Program_graficzny\main.cpp(8,54): error C2061: błąd składniowy: identyfikator „string_view”
C:\Users\lenovo\Documents\GitHub\test2\io\Program_graficzny\main.cpp(41,1): error C2660: "Efekt::doAlgorithm": funkcja nie przyjmuje 1 argumentów
C:\Users\lenovo\Documents\GitHub\test2\io\Program_graficzny\main.cpp(8,25): message : zobacz deklarację „Efekt::doAlgorithm”
  Generowanie kodu...
